<?xml version="1.0" encoding="UTF-8"?>
<!-- Generated by org.testng.reporters.JUnitXMLReporter -->
<testsuite hostname="Afsanas-MacBook-Pro.local" ignored="3" name="Test(failed)" tests="1" failures="0" timestamp="2022-12-25T11:28:57 EST" time="0.064" errors="0">
  <testcase name="getTest2" time="0.013" classname="TestNGFramework.TestNGFailedTestCases"/>
  <testcase name="getTest1" time="0.0" classname="TestNGFramework.TestNGFailedTestCases">
    <ignored/>
  </testcase> <!-- getTest1 -->
  <testcase name="getTest3" time="0.0" classname="TestNGFramework.TestNGFailedTestCases">
    <ignored/>
  </testcase> <!-- getTest3 -->
  <testcase name="getTest4" time="0.0" classname="TestNGFramework.TestNGFailedTestCases">
    <ignored/>
  </testcase> <!-- getTest4 -->
</testsuite> <!-- Test(failed) -->
