<?xml version="1.0" encoding="UTF-8"?>
<testsuite xmlns:xsi="http://www.w3.org/2001/XMLSchema-instance" xsi:noNamespaceSchemaLocation="https://maven.apache.org/surefire/maven-surefire-plugin/xsd/surefire-test-report-3.0.xsd" version="3.0" name="TestSuite" time="57.861" tests="1" errors="0" skipped="0" failures="1">
  <properties>
[...]
</properties>
  <testcase name="runScenario[&quot;Users can login to the application with valid credentials and&quot;, &quot;Optional[Users with valid credentials can purchase the men jacket]&quot;](1)" classname="smart.usa.Runner.MyRunner" time="56.513">
    <failure message="Expected condition failed: waiting for element to be clickable: Proxy element for: DefaultElementLocator &apos;By.xpath: //*[text()=&apos;Place Order&apos;]&apos; (tried for 20 second(s) with 500 milliseconds interval)" type="org.openqa.selenium.TimeoutException"><![CDATA[org.openqa.selenium.TimeoutException: Expected condition failed: waiting for element to be clickable: Proxy element for: DefaultElementLocator 'By.xpath: //*[text()='Place Order']' (tried for 20 second(s) with 500 milliseconds interval)
Caused by: org.openqa.selenium.NoSuchElementException: 
no such element: Unable to locate element: {"method":"xpath","selector":"//*[text()='Place Order']"}
  (Session info: chrome=108.0.5359.124)
For documentation on this error, please visit: https://www.seleniumhq.org/exceptions/no_such_element.html
Build info: version: '3.141.59', revision: 'e82be7d358', time: '2018-11-14T08:17:03'
System info: host: 'Afsanas-MacBook-Pro.local', ip: 'fe80:0:0:0:db:5230:e7a7:4737%en0', os.name: 'Mac OS X', os.arch: 'x86_64', os.version: '10.16', java.version: '1.8.0_202'
Driver info: org.openqa.selenium.chrome.ChromeDriver
Capabilities {acceptInsecureCerts: false, browserName: chrome, browserVersion: 108.0.5359.124, chrome: {chromedriverVersion: 108.0.5359.71 (1e0e3868ee06..., userDataDir: /var/folders/y6/27w3l68j56n...}, goog:chromeOptions: {debuggerAddress: localhost:50328}, javascriptEnabled: true, networkConnectionEnabled: false, pageLoadStrategy: normal, platform: MAC, platformName: MAC, proxy: Proxy(), setWindowRect: true, strictFileInteractability: false, timeouts: {implicit: 0, pageLoad: 300000, script: 30000}, unhandledPromptBehavior: dismiss and notify, webauthn:extension:credBlob: true, webauthn:extension:largeBlob: true, webauthn:virtualAuthenticators: true}
Session ID: 87d66aca692064ed4e313396ec6330e3
*** Element info: {Using=xpath, value=//*[text()='Place Order']}
]]></failure>
    <system-out><![CDATA[The final statement is executed file not found
Nopackage
 INFO [main] (TestListener.java:20)- OnTest starts: runScenario
OnTest starts: runScenario

@Sanity
Scenario Outline: Users can login to the application with valid credentials and                                 # Feature/shopping.feature:20
The final statement is executed file not found
 INFO [main] (MyHooks.java:12)- >>>>>>>>>>>>>>>>>>> Automation started here <<<<<<<<<<<<<<<<<<<
 INFO [main] (BaseClass.java:48)- ************* I am a Chrome browser ****************
 INFO [main] (WebDriverManager.java:966)- Using chromedriver 108.0.5359.71 (resolved driver for Chrome 108)
 INFO [main] (WebDriverManager.java:1021)- Exporting webdriver.chrome.driver as /Users/afsanasultana/.cache/selenium/chromedriver/mac64/108.0.5359.71/chromedriver
The final statement is executed file not found
The final statement is executed file not found
 INFO [main] (MyStepDef.java:29)- ************* User is already logged in the application ****************
 INFO [main] (ElementPage.java:280)- **************** User is able to click on signin button ************************
 INFO [main] (ElementPage.java:282)- **************** User is able to enter username ************************
 INFO [main] (ElementPage.java:284)- **************** User is able to enter password ************************
 INFO [main] (ElementPage.java:286)- **************** User is able to click on Login button ************************
 INFO [main] (MyStepDef.java:32)- ************* User is able to verify the user info on the screen ****************
  Given User is already logged in to the application and verify the user information on the landing page        # smart.usa.stepDef.MyStepDef.user_is_already_logged_in_to_the_application_and_verify_the_user_information_on_the_landing_page()
 INFO [main] (MyStepDef.java:43)- ************* User is able to mouse hover the men module ****************
 INFO [main] (MyStepDef.java:48)- ************* User is able to mouse hover the tops inside the men module ****************
 INFO [main] (MyStepDef.java:54)- ************* User is able to click on jackets inside the men module ****************
 INFO [main] (MyStepDef.java:60)- ************* User is able to verify the Jupiter jackets inside the men module ****************
  When User should be able to select "Jupiter All-Weather Trainer" jacket from the men module                   # smart.usa.stepDef.MyStepDef.user_should_be_able_to_select_jacket_from_the_men_module(java.lang.String)
  And Verify the jacket name on the "Jupiter All-Weather Trainer" list                                          # smart.usa.stepDef.MyStepDef.verify_the_jacket_name_on_the_list(java.lang.String)
 INFO [main] (MyStepDef.java:74)- ************* User is able to select the jacket size ****************
 INFO [main] (MyStepDef.java:78)- ************* User is able to select the jacket color ****************
 INFO [main] (MyStepDef.java:82)- ************* User is able to select the jacket Quantity ****************
 INFO [main] (MyStepDef.java:87)- ************* User is able to click on add to cart ****************
  And User should be able to select the "M" and "Blue" and "1"then click on the add to cart                     # smart.usa.stepDef.MyStepDef.user_should_be_able_to_select_the_and_and_then_click_on_the_add_to_cart(java.lang.String,java.lang.String,java.lang.Integer)
 INFO [main] (MyStepDef.java:95)- ************* User is able to click on shopping cart ****************
 INFO [main] (MyStepDef.java:99)- ************* User is able to click on proccess to checkout ****************
  And User should be able to click on the cart and checkout                                                     # smart.usa.stepDef.MyStepDef.user_should_be_able_to_click_on_the_cart_and_checkout()
 INFO [main] (MyStepDef.java:109)- ************* User is able to click on add to new address ****************
 INFO [main] (ElementPage.java:289)- **************** User is able to enter first name  ************************
mYzBq
 INFO [main] (ElementPage.java:294)- **************** User is able to enter last name  ************************
bclQa
 INFO [main] (ElementPage.java:299)- **************** User is able to enter company name as Home  ************************
lsOWR
 INFO [main] (ElementPage.java:304)- **************** User is able to enter Home Address  ************************
rywLc
 INFO [main] (ElementPage.java:309)- **************** User is able to enter city  ************************
mEzPs
 INFO [main] (ElementPage.java:320)- **************** User is able to select state as New York  ************************
 INFO [main] (ElementPage.java:324)- **************** User is able to enter zipcode  ************************
 INFO [main] (ElementPage.java:329)- **************** User is able to select state as New York  ************************
 INFO [main] (ElementPage.java:333)- **************** User is able to enter shipper phone number  ************************
6401976860
 INFO [main] (ElementPage.java:338)- **************** User is able to click on ship here button  ************************
 INFO [main] (ElementPage.java:346)- **************** User is able to select shipping method  ************************
 INFO [main] (ElementPage.java:352)- **************** User is able to click on next button  ************************
 INFO [main] (ElementPage.java:356)- **************** User is able to click on place order  ************************
  And User should be able to enter the shipping details and click on the Next                                   # smart.usa.stepDef.MyStepDef.user_should_be_able_to_enter_the_shipping_details_and_click_on_the_next()
      org.openqa.selenium.TimeoutException: Expected condition failed: waiting for element to be clickable: Proxy element for: DefaultElementLocator 'By.xpath: //*[text()='Place Order']' (tried for 20 second(s) with 500 milliseconds interval)
	at org.openqa.selenium.support.ui.WebDriverWait.timeoutException(WebDriverWait.java:95)
	at org.openqa.selenium.support.ui.FluentWait.until(FluentWait.java:272)
	at smart.usa.Utility.WaitHelper.getSeleniumWait(WaitHelper.java:13)
	at smart.usa.PageFactory.ElementPage.getNewAddressDetails(ElementPage.java:357)
	at smart.usa.stepDef.MyStepDef.user_should_be_able_to_enter_the_shipping_details_and_click_on_the_next(MyStepDef.java:113)
	at ✽.User should be able to enter the shipping details and click on the Next(file:///Applications/CucumberBDD_Framework/./Feature/shopping.feature:15)
Caused by: org.openqa.selenium.NoSuchElementException: no such element: Unable to locate element: {"method":"xpath","selector":"//*[text()='Place Order']"}
  (Session info: chrome=108.0.5359.124)
For documentation on this error, please visit: https://www.seleniumhq.org/exceptions/no_such_element.html
Build info: version: '3.141.59', revision: 'e82be7d358', time: '2018-11-14T08:17:03'
System info: host: 'Afsanas-MacBook-Pro.local', ip: 'fe80:0:0:0:db:5230:e7a7:4737%en0', os.name: 'Mac OS X', os.arch: 'x86_64', os.version: '10.16', java.version: '1.8.0_202'
Driver info: org.openqa.selenium.chrome.ChromeDriver
Capabilities {acceptInsecureCerts: false, browserName: chrome, browserVersion: 108.0.5359.124, chrome: {chromedriverVersion: 108.0.5359.71 (1e0e3868ee06..., userDataDir: /var/folders/y6/27w3l68j56n...}, goog:chromeOptions: {debuggerAddress: localhost:50328}, javascriptEnabled: true, networkConnectionEnabled: false, pageLoadStrategy: normal, platform: MAC, platformName: MAC, proxy: Proxy(), setWindowRect: true, strictFileInteractability: false, timeouts: {implicit: 0, pageLoad: 300000, script: 30000}, unhandledPromptBehavior: dismiss and notify, webauthn:extension:credBlob: true, webauthn:extension:largeBlob: true, webauthn:virtualAuthenticators: true}
Session ID: 87d66aca692064ed4e313396ec6330e3
*** Element info: {Using=xpath, value=//*[text()='Place Order']}
	at sun.reflect.NativeConstructorAccessorImpl.newInstance0(Native Method)
	at sun.reflect.NativeConstructorAccessorImpl.newInstance(NativeConstructorAccessorImpl.java:62)
	at sun.reflect.DelegatingConstructorAccessorImpl.newInstance(DelegatingConstructorAccessorImpl.java:45)
	at java.lang.reflect.Constructor.newInstance(Constructor.java:423)
	at org.openqa.selenium.remote.http.W3CHttpResponseCodec.createException(W3CHttpResponseCodec.java:187)
	at org.openqa.selenium.remote.http.W3CHttpResponseCodec.decode(W3CHttpResponseCodec.java:122)
	at org.openqa.selenium.remote.http.W3CHttpResponseCodec.decode(W3CHttpResponseCodec.java:49)
	at org.openqa.selenium.remote.HttpCommandExecutor.execute(HttpCommandExecutor.java:158)
	at org.openqa.selenium.remote.service.DriverCommandExecutor.execute(DriverCommandExecutor.java:83)
	at org.openqa.selenium.remote.RemoteWebDriver.execute(RemoteWebDriver.java:552)
	at org.openqa.selenium.remote.RemoteWebDriver.findElement(RemoteWebDriver.java:323)
	at org.openqa.selenium.remote.RemoteWebDriver.findElementByXPath(RemoteWebDriver.java:428)
	at org.openqa.selenium.By$ByXPath.findElement(By.java:353)
	at org.openqa.selenium.remote.RemoteWebDriver.findElement(RemoteWebDriver.java:315)
	at org.openqa.selenium.support.pagefactory.DefaultElementLocator.findElement(DefaultElementLocator.java:69)
	at org.openqa.selenium.support.pagefactory.internal.LocatingElementHandler.invoke(LocatingElementHandler.java:38)
	at com.sun.proxy.$Proxy19.isDisplayed(Unknown Source)
	at org.openqa.selenium.support.ui.ExpectedConditions.elementIfVisible(ExpectedConditions.java:314)
	at org.openqa.selenium.support.ui.ExpectedConditions.access$000(ExpectedConditions.java:43)
	at org.openqa.selenium.support.ui.ExpectedConditions$10.apply(ExpectedConditions.java:300)
	at org.openqa.selenium.support.ui.ExpectedConditions$10.apply(ExpectedConditions.java:297)
	at org.openqa.selenium.support.ui.ExpectedConditions$23.apply(ExpectedConditions.java:670)
	at org.openqa.selenium.support.ui.ExpectedConditions$23.apply(ExpectedConditions.java:666)
	at org.openqa.selenium.support.ui.FluentWait.until(FluentWait.java:249)
	at smart.usa.Utility.WaitHelper.getSeleniumWait(WaitHelper.java:13)
	at smart.usa.PageFactory.ElementPage.getNewAddressDetails(ElementPage.java:357)
	at smart.usa.stepDef.MyStepDef.user_should_be_able_to_enter_the_shipping_details_and_click_on_the_next(MyStepDef.java:113)
	at sun.reflect.NativeMethodAccessorImpl.invoke0(Native Method)
	at sun.reflect.NativeMethodAccessorImpl.invoke(NativeMethodAccessorImpl.java:62)
	at sun.reflect.DelegatingMethodAccessorImpl.invoke(DelegatingMethodAccessorImpl.java:43)
	at java.lang.reflect.Method.invoke(Method.java:498)
	at io.cucumber.java.Invoker.doInvoke(Invoker.java:66)
	at io.cucumber.java.Invoker.invoke(Invoker.java:24)
	at io.cucumber.java.AbstractGlueDefinition.invokeMethod(AbstractGlueDefinition.java:47)
	at io.cucumber.java.JavaStepDefinition.execute(JavaStepDefinition.java:29)
	at io.cucumber.core.runner.CoreStepDefinition.execute(CoreStepDefinition.java:66)
	at io.cucumber.core.runner.PickleStepDefinitionMatch.runStep(PickleStepDefinitionMatch.java:63)
	at io.cucumber.core.runner.ExecutionMode$1.execute(ExecutionMode.java:10)
	at io.cucumber.core.runner.TestStep.executeStep(TestStep.java:92)
	at io.cucumber.core.runner.TestStep.run(TestStep.java:64)
	at io.cucumber.core.runner.PickleStepTestStep.run(PickleStepTestStep.java:51)
	at io.cucumber.core.runner.TestCase.run(TestCase.java:104)
	at io.cucumber.core.runner.Runner.runPickle(Runner.java:73)
	at io.cucumber.testng.TestNGCucumberRunner.lambda$runScenario$0(TestNGCucumberRunner.java:117)
	at io.cucumber.core.runtime.CucumberExecutionContext.runTestCase(CucumberExecutionContext.java:117)
	at io.cucumber.testng.TestNGCucumberRunner.runScenario(TestNGCucumberRunner.java:114)
	at io.cucumber.testng.AbstractTestNGCucumberTests.runScenario(AbstractTestNGCucumberTests.java:31)
	at sun.reflect.NativeMethodAccessorImpl.invoke0(Native Method)
	at sun.reflect.NativeMethodAccessorImpl.invoke(NativeMethodAccessorImpl.java:62)
	at sun.reflect.DelegatingMethodAccessorImpl.invoke(DelegatingMethodAccessorImpl.java:43)
	at java.lang.reflect.Method.invoke(Method.java:498)
	at org.testng.internal.MethodInvocationHelper.invokeMethod(MethodInvocationHelper.java:124)
	at org.testng.internal.Invoker.invokeMethod(Invoker.java:583)
	at org.testng.internal.Invoker.invokeTestMethod(Invoker.java:719)
	at org.testng.internal.Invoker.invokeTestMethods(Invoker.java:989)
	at org.testng.internal.TestMethodWorker.invokeTestMethods(TestMethodWorker.java:125)
	at org.testng.internal.TestMethodWorker.run(TestMethodWorker.java:109)
	at org.testng.TestRunner.privateRun(TestRunner.java:648)
	at org.testng.TestRunner.run(TestRunner.java:505)
	at org.testng.SuiteRunner.runTest(SuiteRunner.java:455)
	at org.testng.SuiteRunner.runSequentially(SuiteRunner.java:450)
	at org.testng.SuiteRunner.privateRun(SuiteRunner.java:415)
	at org.testng.SuiteRunner.run(SuiteRunner.java:364)
	at org.testng.SuiteRunnerWorker.runSuite(SuiteRunnerWorker.java:52)
	at org.testng.SuiteRunnerWorker.run(SuiteRunnerWorker.java:84)
	at org.testng.TestNG.runSuitesSequentially(TestNG.java:1208)
	at org.testng.TestNG.runSuitesLocally(TestNG.java:1137)
	at org.testng.TestNG.runSuites(TestNG.java:1049)
	at org.testng.TestNG.run(TestNG.java:1017)
	at org.apache.maven.surefire.testng.TestNGExecutor.run(TestNGExecutor.java:284)
	at org.apache.maven.surefire.testng.TestNGXmlTestSuite.execute(TestNGXmlTestSuite.java:75)
	at org.apache.maven.surefire.testng.TestNGProvider.invoke(TestNGProvider.java:119)
	at org.apache.maven.surefire.booter.ForkedBooter.runSuitesInProcess(ForkedBooter.java:428)
	at org.apache.maven.surefire.booter.ForkedBooter.execute(ForkedBooter.java:162)
	at org.apache.maven.surefire.booter.ForkedBooter.run(ForkedBooter.java:562)
	at org.apache.maven.surefire.booter.ForkedBooter.main(ForkedBooter.java:548)

  And User should be able to verify the shipping address and place the order                                    # smart.usa.stepDef.MyStepDef.user_should_be_able_to_verify_the_shipping_address_and_place_the_order()
  Then User should be able to verify the order number and get text on the screen "Thank you for your purchase!" # smart.usa.stepDef.MyStepDef.user_should_be_able_to_verify_the_order_number_and_get_text_on_the_screen(java.lang.String)
 INFO [main] (MyHooks.java:18)- >>>>>>>>>>>>>>>>>>>> Automation ended! <<<<<<<<<<<<<<<<<<<<<<
Screenshot taken
]]></system-out>
    <system-err><![CDATA[Starting ChromeDriver 108.0.5359.71 (1e0e3868ee06e91ad636a874420e3ca3ae3756ac-refs/branch-heads/5359@{#1016}) on port 43869
Only local connections are allowed.
Please see https://chromedriver.chromium.org/security-considerations for suggestions on keeping ChromeDriver safe.
ChromeDriver was started successfully.
Dec 20, 2022 8:16:32 PM org.openqa.selenium.remote.ProtocolHandshake createSession
INFO: Detected dialect: W3C
]]></system-err>
  </testcase>
</testsuite>