<?xml version="1.0" encoding="UTF-8"?>
<testng-results skipped="0" failed="0" ignored="0" total="1" passed="1">
  <reporter-output>
  </reporter-output>
  <suite name="Suite1" duration-ms="33659" started-at="2022-12-20T19:41:21 EST" finished-at="2022-12-20T19:41:54 EST">
    <groups>
      <group name="cucumber">
        <method signature="AbstractTestNGCucumberTests.runScenario(io.cucumber.testng.PickleWrapper,io.cucumber.testng.FeatureWrapper)[pri:0, instance:smart.usa.Runner.MyRunner@588df31b]" name="runScenario" class="io.cucumber.testng.AbstractTestNGCucumberTests"/>
      </group> <!-- cucumber -->
    </groups>
    <test name="Nopackage" duration-ms="33659" started-at="2022-12-20T19:41:21 EST" finished-at="2022-12-20T19:41:54 EST">
      <class name="smart.usa.Runner.MyRunner">
        <test-method status="PASS" signature="setUpClass()[pri:0, instance:smart.usa.Runner.MyRunner@588df31b]" name="setUpClass" is-config="true" duration-ms="572" started-at="2022-12-20T19:41:21 EST" finished-at="2022-12-20T19:41:21 EST">
          <reporter-output>
          </reporter-output>
        </test-method> <!-- setUpClass -->
        <test-method status="PASS" signature="runScenario(io.cucumber.testng.PickleWrapper,io.cucumber.testng.FeatureWrapper)[pri:0, instance:smart.usa.Runner.MyRunner@588df31b]" name="runScenario" duration-ms="32917" started-at="2022-12-20T19:41:21 EST" description="Runs Cucumber Scenarios" data-provider="scenarios" finished-at="2022-12-20T19:41:54 EST">
          <params>
            <param index="0">
              <value>
                <![CDATA["Users can login to the application with valid credentials and"]]>
              </value>
            </param>
            <param index="1">
              <value>
                <![CDATA["Optional[Users with valid credentials can purchase the men jacket]"]]>
              </value>
            </param>
          </params>
          <reporter-output>
          </reporter-output>
        </test-method> <!-- runScenario -->
        <test-method status="PASS" signature="tearDownClass()[pri:0, instance:smart.usa.Runner.MyRunner@588df31b]" name="tearDownClass" is-config="true" duration-ms="122" started-at="2022-12-20T19:41:54 EST" finished-at="2022-12-20T19:41:54 EST">
          <reporter-output>
          </reporter-output>
        </test-method> <!-- tearDownClass -->
      </class> <!-- smart.usa.Runner.MyRunner -->
    </test> <!-- Nopackage -->
  </suite> <!-- Suite1 -->
</testng-results>
