<?xml version="1.0" encoding="UTF-8"?>
<testng-results skipped="0" failed="0" ignored="0" total="1" passed="1">
  <reporter-output>
  </reporter-output>
  <suite name="Suite" duration-ms="623" started-at="2022-12-25T13:41:36 EST" finished-at="2022-12-25T13:41:37 EST">
    <groups>
    </groups>
    <test name="Test" duration-ms="623" started-at="2022-12-25T13:41:36 EST" finished-at="2022-12-25T13:41:37 EST">
      <class name="TestNGFramework.ReadExcelData">
        <test-method status="PASS" signature="getReadData()[pri:0, instance:TestNGFramework.ReadExcelData@7a3d45bd]" name="getReadData" duration-ms="578" started-at="2022-12-25T13:41:36 EST" finished-at="2022-12-25T13:41:37 EST">
          <reporter-output>
          </reporter-output>
        </test-method> <!-- getReadData -->
      </class> <!-- TestNGFramework.ReadExcelData -->
    </test> <!-- Test -->
  </suite> <!-- Suite -->
</testng-results>
